#
# There is insufficient memory for the Java Runtime Environment to continue.
# Native memory allocation (mmap) failed to map 65536 bytes for Failed to commit metaspace.
# Possible reasons:
#   The system is out of physical RAM or swap space
#   The process is running with CompressedOops enabled, and the Java Heap may be blocking the growth of the native heap
# Possible solutions:
#   Reduce memory load on the system
#   Increase physical memory or swap space
#   Check if swap backing store is full
#   Decrease Java heap size (-Xmx/-Xms)
#   Decrease number of Java threads
#   Decrease Java thread stack sizes (-Xss)
#   Set larger code cache with -XX:ReservedCodeCacheSize=
#   JVM is running with Zero Based Compressed Oops mode in which the Java heap is
#     placed in the first 32GB address space. The Java Heap base address is the
#     maximum limit for the native heap growth. Please use -XX:HeapBaseMinAddress
#     to set the Java Heap base and to place the Java Heap above 32GB virtual address.
# This output file may be truncated or incomplete.
#
#  Out of Memory Error (virtualSpaceNode.cpp:110), pid=30744, tid=31068
#
# JRE version: Java(TM) SE Runtime Environment (17.0.7+8) (build 17.0.7+8-LTS-224)
# Java VM: Java HotSpot(TM) 64-Bit Server VM (17.0.7+8-LTS-224, mixed mode, sharing, tiered, compressed oops, compressed class ptrs, g1 gc, windows-amd64)
# No core dump will be written. Minidumps are not enabled by default on client versions of Windows
#

---------------  S U M M A R Y ------------

Command Line: -Dfile.encoding=UTF-8 -XX:+ShowCodeDetailsInExceptionMessages view.BillManagementView

Host: AMD Ryzen 5 3500U with Radeon Vega Mobile Gfx  , 8 cores, 9G,  Windows 10 , 64 bit Build 19041 (10.0.19041.3031)
Time: Wed Jun 28 16:51:26 2023 SE Asia Standard Time elapsed time: 0.930551 seconds (0d 0h 0m 0s)

---------------  T H R E A D  ---------------

Current thread (0x0000022b28a4a420):  JavaThread "main" [_thread_in_vm, id=31068, stack(0x000000457f300000,0x000000457f400000)]

Stack: [0x000000457f300000,0x000000457f400000]
Native frames: (J=compiled Java code, j=interpreted, Vv=VM code, C=native code)
V  [jvm.dll+0x676a4a]
V  [jvm.dll+0x7d74f4]
V  [jvm.dll+0x7d8c9e]
V  [jvm.dll+0x7d9303]
V  [jvm.dll+0x2452c5]
V  [jvm.dll+0x7d35fb]
V  [jvm.dll+0x61ca36]
V  [jvm.dll+0x61ca9a]
V  [jvm.dll+0x61f2bd]
V  [jvm.dll+0x61d3f6]
V  [jvm.dll+0x242d9c]
V  [jvm.dll+0x6cd2bd]
V  [jvm.dll+0x6cdcbf]
V  [jvm.dll+0x36df95]
V  [jvm.dll+0x36de3b]
V  [jvm.dll+0x36d044]
V  [jvm.dll+0x36cfe8]
V  [jvm.dll+0x37ce1a]
C  0x0000022b3782b817

Java frames: (J=compiled Java code, j=interpreted, Vv=VM code)
j  java.util.stream.Nodes.<clinit>()V+30 java.base@17.0.7
v  ~StubRoutines::call_stub
j  java.util.stream.ReferencePipeline.makeNodeBuilder(JLjava/util/function/IntFunction;)Ljava/util/stream/Node$Builder;+2 java.base@17.0.7
j  java.util.stream.AbstractPipeline.evaluate(Ljava/util/Spliterator;ZLjava/util/function/IntFunction;)Ljava/util/stream/Node;+23 java.base@17.0.7
j  java.util.stream.AbstractPipeline.evaluateToArrayNode(Ljava/util/function/IntFunction;)Ljava/util/stream/Node;+74 java.base@17.0.7
j  java.util.stream.ReferencePipeline.toArray(Ljava/util/function/IntFunction;)[Ljava/lang/Object;+4 java.base@17.0.7
j  java.util.stream.ReferencePipeline.toArray()[Ljava/lang/Object;+6 java.base@17.0.7
j  java.util.stream.ReferencePipeline.toList()Ljava/util/List;+4 java.base@17.0.7
j  java.util.ResourceBundle$ResourceBundleControlProviderHolder.lambda$static$0()Ljava/util/List;+21 java.base@17.0.7
j  java.util.ResourceBundle$ResourceBundleControlProviderHolder$$Lambda$144+0x0000000800d03768.run()Ljava/lang/Object;+0 java.base@17.0.7
J 668 c1 java.security.AccessController.doPrivileged(Ljava/security/PrivilegedAction;)Ljava/lang/Object; java.base@17.0.7 (9 bytes) @ 0x0000022b303d9e44 [0x0000022b303d9ce0+0x0000000000000164]
j  java.util.ResourceBundle$ResourceBundleControlProviderHolder.<clinit>()V+11 java.base@17.0.7
v  ~StubRoutines::call_stub
j  java.util.ResourceBundle.getDefaultControl(Ljava/lang/Module;Ljava/lang/String;)Ljava/util/ResourceBundle$Control;+14 java.base@17.0.7
j  java.util.ResourceBundle.getDefaultControl(Ljava/lang/Class;Ljava/lang/String;)Ljava/util/ResourceBundle$Control;+5 java.base@17.0.7
j  java.util.ResourceBundle.getBundle(Ljava/lang/String;Ljava/util/Locale;Ljava/lang/ClassLoader;)Ljava/util/ResourceBundle;+22 java.base@17.0.7
j  com.mysql.cj.Messages.<clinit>()V+19
v  ~StubRoutines::call_stub
j  com.mysql.cj.Constants.<clinit>()V+8
v  ~StubRoutines::call_stub
j  com.mysql.cj.util.Util.<clinit>()V+9
v  ~StubRoutines::call_stub
j  com.mysql.cj.conf.ConnectionUrl$Type.getImplementingInstance(Lcom/mysql/cj/conf/ConnectionUrlParser;Ljava/util/Properties;)Lcom/mysql/cj/conf/ConnectionUrl;+31
j  com.mysql.cj.conf.ConnectionUrl$Type.getConnectionUrlInstance(Lcom/mysql/cj/conf/ConnectionUrlParser;Ljava/util/Properties;)Lcom/mysql/cj/conf/ConnectionUrl;+167
j  com.mysql.cj.conf.ConnectionUrl.getConnectionUrlInstance(Ljava/lang/String;Ljava/util/Properties;)Lcom/mysql/cj/conf/ConnectionUrl;+102
j  com.mysql.cj.jdbc.NonRegisteringDriver.connect(Ljava/lang/String;Ljava/util/Properties;)Ljava/sql/Connection;+11
j  java.sql.DriverManager.getConnection(Ljava/lang/String;Ljava/util/Properties;Ljava/lang/Class;)Ljava/sql/Connection;+131 java.sql@17.0.7
j  java.sql.DriverManager.getConnection(Ljava/lang/String;Ljava/lang/String;Ljava/lang/String;)Ljava/sql/Connection;+37 java.sql@17.0.7
j  database.JDBCUtil.getConnection()Ljava/sql/Connection;+28
j  dao.BillDao.selectAll()Ljava/util/ArrayList;+8
j  view.BillManagementView.init()V+2236
j  view.BillManagementView.<init>()V+21
j  view.BillManagementView.main([Ljava/lang/String;)V+3
v  ~StubRoutines::call_stub

---------------  P R O C E S S  ---------------

Threads class SMR info:
_java_thread_list=0x0000022b4943a730, length=18, elements={
0x0000022b28a4a420, 0x0000022b47e947f0, 0x0000022b47e950b0, 0x0000022b47ea6410,
0x0000022b47ea6cd0, 0x0000022b47ea7590, 0x0000022b47ea9e60, 0x0000022b47eaff70,
0x0000022b47eb0870, 0x0000022b47eb1950, 0x0000022b48998780, 0x0000022b489ac150,
0x0000022b48c13f00, 0x0000022b48c16e90, 0x0000022b48c1d190, 0x0000022b493a3d00,
0x0000022b493faa70, 0x0000022b49474610
}

Java Threads: ( => current thread )
=>0x0000022b28a4a420 JavaThread "main" [_thread_in_vm, id=31068, stack(0x000000457f300000,0x000000457f400000)]
  0x0000022b47e947f0 JavaThread "Reference Handler" daemon [_thread_blocked, id=15128, stack(0x000000457fa00000,0x000000457fb00000)]
  0x0000022b47e950b0 JavaThread "Finalizer" daemon [_thread_blocked, id=26840, stack(0x000000457fb00000,0x000000457fc00000)]
  0x0000022b47ea6410 JavaThread "Signal Dispatcher" daemon [_thread_blocked, id=20140, stack(0x000000457fc00000,0x000000457fd00000)]
  0x0000022b47ea6cd0 JavaThread "Attach Listener" daemon [_thread_blocked, id=19096, stack(0x000000457fd00000,0x000000457fe00000)]
  0x0000022b47ea7590 JavaThread "Service Thread" daemon [_thread_blocked, id=31368, stack(0x000000457fe00000,0x000000457ff00000)]
  0x0000022b47ea9e60 JavaThread "Monitor Deflation Thread" daemon [_thread_blocked, id=30852, stack(0x000000457ff00000,0x0000004580000000)]
  0x0000022b47eaff70 JavaThread "C2 CompilerThread0" daemon [_thread_blocked, id=31444, stack(0x0000004500000000,0x0000004500100000)]
  0x0000022b47eb0870 JavaThread "C1 CompilerThread0" daemon [_thread_blocked, id=30376, stack(0x0000004500100000,0x0000004500200000)]
  0x0000022b47eb1950 JavaThread "Sweeper thread" daemon [_thread_blocked, id=27496, stack(0x0000004500200000,0x0000004500300000)]
  0x0000022b48998780 JavaThread "Notification Thread" daemon [_thread_blocked, id=25860, stack(0x0000004500300000,0x0000004500400000)]
  0x0000022b489ac150 JavaThread "Common-Cleaner" daemon [_thread_blocked, id=30104, stack(0x0000004500500000,0x0000004500600000)]
  0x0000022b48c13f00 JavaThread "Java2D Disposer" daemon [_thread_blocked, id=28588, stack(0x0000004500600000,0x0000004500700000)]
  0x0000022b48c16e90 JavaThread "AWT-Shutdown" [_thread_blocked, id=26072, stack(0x0000004500700000,0x0000004500800000)]
  0x0000022b48c1d190 JavaThread "AWT-Windows" daemon [_thread_in_native, id=28196, stack(0x0000004500800000,0x0000004500900000)]
  0x0000022b493a3d00 JavaThread "AWT-EventQueue-0" [_thread_blocked, id=31160, stack(0x0000004501100000,0x0000004501200000)]
  0x0000022b493faa70 JavaThread "D3D Screen Updater" daemon [_thread_blocked, id=30200, stack(0x0000004501200000,0x0000004501300000)]
  0x0000022b49474610 JavaThread "mysql-cj-abandoned-connection-cleanup" daemon [_thread_blocked, id=31464, stack(0x0000004501300000,0x0000004501400000)]

Other Threads:
  0x0000022b47e8db90 VMThread "VM Thread" [stack: 0x000000457f900000,0x000000457fa00000] [id=27096]
  0x0000022b489a3480 WatcherThread [stack: 0x0000004500400000,0x0000004500500000] [id=19300]
  0x0000022b28a9abd0 GCTaskThread "GC Thread#0" [stack: 0x000000457f400000,0x000000457f500000] [id=27592]
  0x0000022b28aa5960 ConcurrentGCThread "G1 Main Marker" [stack: 0x000000457f500000,0x000000457f600000] [id=22432]
  0x0000022b28aa6a20 ConcurrentGCThread "G1 Conc#0" [stack: 0x000000457f600000,0x000000457f700000] [id=10304]
  0x0000022b47d60090 ConcurrentGCThread "G1 Refine#0" [stack: 0x000000457f700000,0x000000457f800000] [id=28900]
  0x0000022b47d61b70 ConcurrentGCThread "G1 Service" [stack: 0x000000457f800000,0x000000457f900000] [id=25216]

Threads with active compile tasks:

VM state: not at safepoint (normal execution)

VM Mutex/Monitor currently owned by a thread:  ([mutex/lock_event])
[0x0000022b28a46bd0] Metaspace_lock - owner thread: 0x0000022b28a4a420

Heap address: 0x0000000760c00000, size: 2548 MB, Compressed Oops mode: Zero based, Oop shift amount: 3

CDS archive(s) mapped at: [0x0000000800000000-0x0000000800bd0000-0x0000000800bd0000), size 12386304, SharedBaseAddress: 0x0000000800000000, ArchiveRelocationMode: 0.
Compressed class space mapped at: 0x0000000800c00000-0x0000000840c00000, reserved size: 1073741824
Narrow klass base: 0x0000000800000000, Narrow klass shift: 0, Narrow klass range: 0x100000000

GC Precious Log:
 CPUs: 8 total, 8 available
 Memory: 10187M
 Large Page Support: Disabled
 NUMA Support: Disabled
 Compressed Oops: Enabled (Zero based)
 Heap Region Size: 2M
 Heap Min Capacity: 8M
 Heap Initial Capacity: 160M
 Heap Max Capacity: 2548M
 Pre-touch: Disabled
 Parallel Workers: 8
 Concurrent Workers: 2
 Concurrent Refinement Workers: 8
 Periodic GC: Disabled

Heap:
 garbage-first heap   total 163840K, used 10240K [0x0000000760c00000, 0x0000000800000000)
  region size 2048K, 4 young (8192K), 0 survivors (0K)
 Metaspace       used 8691K, committed 8896K, reserved 1056768K
  class space    used 1030K, committed 1152K, reserved 1048576K

Heap Regions: E=young(eden), S=young(survivor), O=old, HS=humongous(starts), HC=humongous(continues), CS=collection set, F=free, OA=open archive, CA=closed archive, TAMS=top-at-mark-start (previous, next)
|   0|0x0000000760c00000, 0x0000000760e00000, 0x0000000760e00000|100%|HS|  |TAMS 0x0000000760c00000, 0x0000000760c00000| Complete 
|   1|0x0000000760e00000, 0x0000000761000000, 0x0000000761000000|100%|HC|  |TAMS 0x0000000760e00000, 0x0000000760e00000| Complete 
|   2|0x0000000761000000, 0x0000000761000000, 0x0000000761200000|  0%| F|  |TAMS 0x0000000761000000, 0x0000000761000000| Untracked 
|   3|0x0000000761200000, 0x0000000761200000, 0x0000000761400000|  0%| F|  |TAMS 0x0000000761200000, 0x0000000761200000| Untracked 
|   4|0x0000000761400000, 0x0000000761400000, 0x0000000761600000|  0%| F|  |TAMS 0x0000000761400000, 0x0000000761400000| Untracked 
|   5|0x0000000761600000, 0x0000000761600000, 0x0000000761800000|  0%| F|  |TAMS 0x0000000761600000, 0x0000000761600000| Untracked 
|   6|0x0000000761800000, 0x0000000761800000, 0x0000000761a00000|  0%| F|  |TAMS 0x0000000761800000, 0x0000000761800000| Untracked 
|   7|0x0000000761a00000, 0x0000000761a00000, 0x0000000761c00000|  0%| F|  |TAMS 0x0000000761a00000, 0x0000000761a00000| Untracked 
|   8|0x0000000761c00000, 0x0000000761c00000, 0x0000000761e00000|  0%| F|  |TAMS 0x0000000761c00000, 0x0000000761c00000| Untracked 
|   9|0x0000000761e00000, 0x0000000761e00000, 0x0000000762000000|  0%| F|  |TAMS 0x0000000761e00000, 0x0000000761e00000| Untracked 
|  10|0x0000000762000000, 0x0000000762000000, 0x0000000762200000|  0%| F|  |TAMS 0x0000000762000000, 0x0000000762000000| Untracked 
|  11|0x0000000762200000, 0x0000000762200000, 0x0000000762400000|  0%| F|  |TAMS 0x0000000762200000, 0x0000000762200000| Untracked 
|  12|0x0000000762400000, 0x0000000762400000, 0x0000000762600000|  0%| F|  |TAMS 0x0000000762400000, 0x0000000762400000| Untracked 
|  13|0x0000000762600000, 0x0000000762600000, 0x0000000762800000|  0%| F|  |TAMS 0x0000000762600000, 0x0000000762600000| Untracked 
|  14|0x0000000762800000, 0x0000000762800000, 0x0000000762a00000|  0%| F|  |TAMS 0x0000000762800000, 0x0000000762800000| Untracked 
|  15|0x0000000762a00000, 0x0000000762a00000, 0x0000000762c00000|  0%| F|  |TAMS 0x0000000762a00000, 0x0000000762a00000| Untracked 
|  16|0x0000000762c00000, 0x0000000762c00000, 0x0000000762e00000|  0%| F|  |TAMS 0x0000000762c00000, 0x0000000762c00000| Untracked 
|  17|0x0000000762e00000, 0x0000000762e00000, 0x0000000763000000|  0%| F|  |TAMS 0x0000000762e00000, 0x0000000762e00000| Untracked 
|  18|0x0000000763000000, 0x0000000763000000, 0x0000000763200000|  0%| F|  |TAMS 0x0000000763000000, 0x0000000763000000| Untracked 
|  19|0x0000000763200000, 0x0000000763200000, 0x0000000763400000|  0%| F|  |TAMS 0x0000000763200000, 0x0000000763200000| Untracked 
|  20|0x0000000763400000, 0x0000000763400000, 0x0000000763600000|  0%| F|  |TAMS 0x0000000763400000, 0x0000000763400000| Untracked 
|  21|0x0000000763600000, 0x0000000763600000, 0x0000000763800000|  0%| F|  |TAMS 0x0000000763600000, 0x0000000763600000| Untracked 
|  22|0x0000000763800000, 0x0000000763800000, 0x0000000763a00000|  0%| F|  |TAMS 0x0000000763800000, 0x0000000763800000| Untracked 
|  23|0x0000000763a00000, 0x0000000763a00000, 0x0000000763c00000|  0%| F|  |TAMS 0x0000000763a00000, 0x0000000763a00000| Untracked 
|  24|0x0000000763c00000, 0x0000000763c00000, 0x0000000763e00000|  0%| F|  |TAMS 0x0000000763c00000, 0x0000000763c00000| Untracked 
|  25|0x0000000763e00000, 0x0000000763e00000, 0x0000000764000000|  0%| F|  |TAMS 0x0000000763e00000, 0x0000000763e00000| Untracked 
|  26|0x0000000764000000, 0x0000000764000000, 0x0000000764200000|  0%| F|  |TAMS 0x0000000764000000, 0x0000000764000000| Untracked 
|  27|0x0000000764200000, 0x0000000764200000, 0x0000000764400000|  0%| F|  |TAMS 0x0000000764200000, 0x0000000764200000| Untracked 
|  28|0x0000000764400000, 0x0000000764400000, 0x0000000764600000|  0%| F|  |TAMS 0x0000000764400000, 0x0000000764400000| Untracked 
|  29|0x0000000764600000, 0x0000000764600000, 0x0000000764800000|  0%| F|  |TAMS 0x0000000764600000, 0x0000000764600000| Untracked 
|  30|0x0000000764800000, 0x0000000764800000, 0x0000000764a00000|  0%| F|  |TAMS 0x0000000764800000, 0x0000000764800000| Untracked 
|  31|0x0000000764a00000, 0x0000000764a00000, 0x0000000764c00000|  0%| F|  |TAMS 0x0000000764a00000, 0x0000000764a00000| Untracked 
|  32|0x0000000764c00000, 0x0000000764c00000, 0x0000000764e00000|  0%| F|  |TAMS 0x0000000764c00000, 0x0000000764c00000| Untracked 
|  33|0x0000000764e00000, 0x0000000764e00000, 0x0000000765000000|  0%| F|  |TAMS 0x0000000764e00000, 0x0000000764e00000| Untracked 
|  34|0x0000000765000000, 0x0000000765000000, 0x0000000765200000|  0%| F|  |TAMS 0x0000000765000000, 0x0000000765000000| Untracked 
|  35|0x0000000765200000, 0x0000000765200000, 0x0000000765400000|  0%| F|  |TAMS 0x0000000765200000, 0x0000000765200000| Untracked 
|  36|0x0000000765400000, 0x0000000765400000, 0x0000000765600000|  0%| F|  |TAMS 0x0000000765400000, 0x0000000765400000| Untracked 
|  37|0x0000000765600000, 0x0000000765600000, 0x0000000765800000|  0%| F|  |TAMS 0x0000000765600000, 0x0000000765600000| Untracked 
|  38|0x0000000765800000, 0x0000000765800000, 0x0000000765a00000|  0%| F|  |TAMS 0x0000000765800000, 0x0000000765800000| Untracked 
|  39|0x0000000765a00000, 0x0000000765a00000, 0x0000000765c00000|  0%| F|  |TAMS 0x0000000765a00000, 0x0000000765a00000| Untracked 
|  40|0x0000000765c00000, 0x0000000765c00000, 0x0000000765e00000|  0%| F|  |TAMS 0x0000000765c00000, 0x0000000765c00000| Untracked 
|  41|0x0000000765e00000, 0x0000000765e00000, 0x0000000766000000|  0%| F|  |TAMS 0x0000000765e00000, 0x0000000765e00000| Untracked 
|  42|0x0000000766000000, 0x0000000766000000, 0x0000000766200000|  0%| F|  |TAMS 0x0000000766000000, 0x0000000766000000| Untracked 
|  43|0x0000000766200000, 0x0000000766200000, 0x0000000766400000|  0%| F|  |TAMS 0x0000000766200000, 0x0000000766200000| Untracked 
|  44|0x0000000766400000, 0x0000000766400000, 0x0000000766600000|  0%| F|  |TAMS 0x0000000766400000, 0x0000000766400000| Untracked 
|  45|0x0000000766600000, 0x0000000766600000, 0x0000000766800000|  0%| F|  |TAMS 0x0000000766600000, 0x0000000766600000| Untracked 
|  46|0x0000000766800000, 0x0000000766800000, 0x0000000766a00000|  0%| F|  |TAMS 0x0000000766800000, 0x0000000766800000| Untracked 
|  47|0x0000000766a00000, 0x0000000766a00000, 0x0000000766c00000|  0%| F|  |TAMS 0x0000000766a00000, 0x0000000766a00000| Untracked 
|  48|0x0000000766c00000, 0x0000000766c00000, 0x0000000766e00000|  0%| F|  |TAMS 0x0000000766c00000, 0x0000000766c00000| Untracked 
|  49|0x0000000766e00000, 0x0000000766e00000, 0x0000000767000000|  0%| F|  |TAMS 0x0000000766e00000, 0x0000000766e00000| Untracked 
|  50|0x0000000767000000, 0x0000000767000000, 0x0000000767200000|  0%| F|  |TAMS 0x0000000767000000, 0x0000000767000000| Untracked 
|  51|0x0000000767200000, 0x0000000767200000, 0x0000000767400000|  0%| F|  |TAMS 0x0000000767200000, 0x0000000767200000| Untracked 
|  52|0x0000000767400000, 0x0000000767400000, 0x0000000767600000|  0%| F|  |TAMS 0x0000000767400000, 0x0000000767400000| Untracked 
|  53|0x0000000767600000, 0x0000000767600000, 0x0000000767800000|  0%| F|  |TAMS 0x0000000767600000, 0x0000000767600000| Untracked 
|  54|0x0000000767800000, 0x0000000767800000, 0x0000000767a00000|  0%| F|  |TAMS 0x0000000767800000, 0x0000000767800000| Untracked 
|  55|0x0000000767a00000, 0x0000000767a00000, 0x0000000767c00000|  0%| F|  |TAMS 0x0000000767a00000, 0x0000000767a00000| Untracked 
|  56|0x0000000767c00000, 0x0000000767c00000, 0x0000000767e00000|  0%| F|  |TAMS 0x0000000767c00000, 0x0000000767c00000| Untracked 
|  57|0x0000000767e00000, 0x0000000767e00000, 0x0000000768000000|  0%| F|  |TAMS 0x0000000767e00000, 0x0000000767e00000| Untracked 
|  58|0x0000000768000000, 0x0000000768000000, 0x0000000768200000|  0%| F|  |TAMS 0x0000000768000000, 0x0000000768000000| Untracked 
|  59|0x0000000768200000, 0x0000000768200000, 0x0000000768400000|  0%| F|  |TAMS 0x0000000768200000, 0x0000000768200000| Untracked 
|  60|0x0000000768400000, 0x0000000768400000, 0x0000000768600000|  0%| F|  |TAMS 0x0000000768400000, 0x0000000768400000| Untracked 
|  61|0x0000000768600000, 0x0000000768600000, 0x0000000768800000|  0%| F|  |TAMS 0x0000000768600000, 0x0000000768600000| Untracked 
|  62|0x0000000768800000, 0x0000000768800000, 0x0000000768a00000|  0%| F|  |TAMS 0x0000000768800000, 0x0000000768800000| Untracked 
|  63|0x0000000768a00000, 0x0000000768a00000, 0x0000000768c00000|  0%| F|  |TAMS 0x0000000768a00000, 0x0000000768a00000| Untracked 
|  64|0x0000000768c00000, 0x0000000768c00000, 0x0000000768e00000|  0%| F|  |TAMS 0x0000000768c00000, 0x0000000768c00000| Untracked 
|  65|0x0000000768e00000, 0x0000000768e00000, 0x0000000769000000|  0%| F|  |TAMS 0x0000000768e00000, 0x0000000768e00000| Untracked 
|  66|0x0000000769000000, 0x0000000769000000, 0x0000000769200000|  0%| F|  |TAMS 0x0000000769000000, 0x0000000769000000| Untracked 
|  67|0x0000000769200000, 0x0000000769200000, 0x0000000769400000|  0%| F|  |TAMS 0x0000000769200000, 0x0000000769200000| Untracked 
|  68|0x0000000769400000, 0x0000000769400000, 0x0000000769600000|  0%| F|  |TAMS 0x0000000769400000, 0x0000000769400000| Untracked 
|  69|0x0000000769600000, 0x0000000769600000, 0x0000000769800000|  0%| F|  |TAMS 0x0000000769600000, 0x0000000769600000| Untracked 
|  70|0x0000000769800000, 0x0000000769800000, 0x0000000769a00000|  0%| F|  |TAMS 0x0000000769800000, 0x0000000769800000| Untracked 
|  71|0x0000000769a00000, 0x0000000769a00000, 0x0000000769c00000|  0%| F|  |TAMS 0x0000000769a00000, 0x0000000769a00000| Untracked 
|  72|0x0000000769c00000, 0x0000000769c00000, 0x0000000769e00000|  0%| F|  |TAMS 0x0000000769c00000, 0x0000000769c00000| Untracked 
|  73|0x0000000769e00000, 0x0000000769e00000, 0x000000076a000000|  0%| F|  |TAMS 0x0000000769e00000, 0x0000000769e00000| Untracked 
|  74|0x000000076a000000, 0x000000076a000000, 0x000000076a200000|  0%| F|  |TAMS 0x000000076a000000, 0x000000076a000000| Untracked 
|  75|0x000000076a200000, 0x000000076a200000, 0x000000076a400000|  0%| F|  |TAMS 0x000000076a200000, 0x000000076a200000| Untracked 
|  76|0x000000076a400000, 0x000000076a5c9c78, 0x000000076a600000| 89%| E|  |TAMS 0x000000076a400000, 0x000000076a400000| Complete 
|  77|0x000000076a600000, 0x000000076a800000, 0x000000076a800000|100%| E|CS|TAMS 0x000000076a600000, 0x000000076a600000| Complete 
|  78|0x000000076a800000, 0x000000076aa00000, 0x000000076aa00000|100%| E|CS|TAMS 0x000000076a800000, 0x000000076a800000| Complete 
|  79|0x000000076aa00000, 0x000000076ac00000, 0x000000076ac00000|100%| E|CS|TAMS 0x000000076aa00000, 0x000000076aa00000| Complete 

Card table byte_map: [0x0000022b3fb10000,0x0000022b40010000] _byte_map_base: 0x0000022b3c00a000

Marking Bits (Prev, Next): (CMBitMap*) 0x0000022b28a9b0f0, (CMBitMap*) 0x0000022b28a9b130
 Prev Bits: [0x0000022b40510000, 0x0000022b42ce0000)
 Next Bits: [0x0000022b42ce0000, 0x0000022b454b0000)

Polling page: 0x0000022b269e0000

Metaspace:

Usage:
  Non-class:      7.48 MB used.
      Class:      1.01 MB used.
       Both:      8.49 MB used.

Virtual space:
  Non-class space:        8.00 MB reserved,       7.56 MB ( 95%) committed,  1 nodes.
      Class space:        1.00 GB reserved,       1.12 MB ( <1%) committed,  1 nodes.
             Both:        1.01 GB reserved,       8.69 MB ( <1%) committed. 

Chunk freelists:
   Non-Class:  238.00 KB
       Class:  2.73 MB
        Both:  2.97 MB

MaxMetaspaceSize: unlimited
CompressedClassSpaceSize: 1.00 GB
Initial GC threshold: 21.00 MB
Current GC threshold: 21.00 MB
CDS: on
MetaspaceReclaimPolicy: balanced
 - commit_granule_bytes: 65536.
 - commit_granule_words: 8192.
 - virtual_space_node_default_size: 1048576.
 - enlarge_chunks_in_place: 1.
 - new_chunks_are_fully_committed: 0.
 - uncommit_free_chunks: 1.
 - use_allocation_guard: 0.
 - handle_deallocations: 1.


Internal statistics:

num_allocs_failed_limit: 0.
num_arena_births: 124.
num_arena_deaths: 0.
num_vsnodes_births: 2.
num_vsnodes_deaths: 0.
num_space_committed: 139.
num_space_uncommitted: 0.
num_chunks_returned_to_freelist: 0.
num_chunks_taken_from_freelist: 195.
num_chunk_merges: 0.
num_chunk_splits: 110.
num_chunks_enlarged: 41.
num_purges: 0.
num_inconsistent_stats: 0.

CodeHeap 'non-profiled nmethods': size=120000Kb used=195Kb max_used=195Kb free=119804Kb
 bounds [0x0000022b37db0000, 0x0000022b38020000, 0x0000022b3f2e0000]
CodeHeap 'profiled nmethods': size=120000Kb used=1069Kb max_used=1069Kb free=118930Kb
 bounds [0x0000022b302e0000, 0x0000022b30550000, 0x0000022b37810000]
CodeHeap 'non-nmethods': size=5760Kb used=1264Kb max_used=1278Kb free=4495Kb
 bounds [0x0000022b37810000, 0x0000022b37a80000, 0x0000022b37db0000]
 total_blobs=1308 nmethods=719 adapters=502
 compilation: enabled
              stopped_count=0, restarted_count=0
 full_count=0

Compilation events (20 events):
Event: 0.922 Thread 0x0000022b47eb0870  710       1       java.net.URL::getPort (5 bytes)
Event: 0.923 Thread 0x0000022b47eb0870 nmethod 710 0x0000022b37ddfc90 code [0x0000022b37ddfe20, 0x0000022b37ddfef8]
Event: 0.923 Thread 0x0000022b47eb0870  712       1       java.net.URL::getRef (5 bytes)
Event: 0.923 Thread 0x0000022b47eb0870 nmethod 712 0x0000022b37ddff90 code [0x0000022b37de0120, 0x0000022b37de01f8]
Event: 0.923 Thread 0x0000022b47eb0870  709       3       jdk.internal.ref.CleanerImpl$PhantomCleanableRef::<init> (12 bytes)
Event: 0.923 Thread 0x0000022b47eb0870 nmethod 709 0x0000022b303e8e10 code [0x0000022b303e8fc0, 0x0000022b303e9168]
Event: 0.923 Thread 0x0000022b47eb0870  713       1       java.net.URL::getAuthority (5 bytes)
Event: 0.923 Thread 0x0000022b47eb0870 nmethod 713 0x0000022b37de0290 code [0x0000022b37de0420, 0x0000022b37de04f8]
Event: 0.923 Thread 0x0000022b47eb0870  716       3       jdk.internal.org.objectweb.asm.ClassWriter::visitMethod (57 bytes)
Event: 0.923 Thread 0x0000022b47eb0870 nmethod 716 0x0000022b303e9210 code [0x0000022b303e93c0, 0x0000022b303e9748]
Event: 0.923 Thread 0x0000022b47eb0870  717       3       jdk.internal.org.objectweb.asm.MethodWriter::<init> (232 bytes)
Event: 0.924 Thread 0x0000022b47eb0870 nmethod 717 0x0000022b303e9890 code [0x0000022b303e9b20, 0x0000022b303ea8f8]
Event: 0.924 Thread 0x0000022b47eb0870  718       3       jdk.internal.org.objectweb.asm.MethodVisitor::<init> (7 bytes)
Event: 0.925 Thread 0x0000022b47eb0870 nmethod 718 0x0000022b303eae10 code [0x0000022b303eafc0, 0x0000022b303eb108]
Event: 0.925 Thread 0x0000022b47eb0870  719       3       jdk.internal.org.objectweb.asm.MethodWriter::visitMaxs (60 bytes)
Event: 0.925 Thread 0x0000022b47eb0870 nmethod 719 0x0000022b303eb190 code [0x0000022b303eb360, 0x0000022b303eb638]
Event: 0.925 Thread 0x0000022b47eb0870  714       1       java.net.URL::getPath (5 bytes)
Event: 0.925 Thread 0x0000022b47eb0870 nmethod 714 0x0000022b37de0890 code [0x0000022b37de0a20, 0x0000022b37de0af8]
Event: 0.925 Thread 0x0000022b47eb0870  715       1       java.net.URL::getQuery (5 bytes)
Event: 0.925 Thread 0x0000022b47eb0870 nmethod 715 0x0000022b37de0b90 code [0x0000022b37de0d20, 0x0000022b37de0df8]

GC Heap History (0 events):
No events

Deoptimization events (4 events):
Event: 0.864 Thread 0x0000022b28a4a420 DEOPT PACKING pc=0x0000022b30307967 sp=0x000000457f3fb670
Event: 0.864 Thread 0x0000022b28a4a420 DEOPT UNPACKING pc=0x0000022b37862b43 sp=0x000000457f3faa90 mode 0
Event: 0.892 Thread 0x0000022b28a4a420 DEOPT PACKING pc=0x0000022b302f77d1 sp=0x000000457f3fa980
Event: 0.892 Thread 0x0000022b28a4a420 DEOPT UNPACKING pc=0x0000022b37862b43 sp=0x000000457f3f9df8 mode 0

Classes unloaded (0 events):
No events

Classes redefined (0 events):
No events

Internal exceptions (13 events):
Event: 0.164 Thread 0x0000022b28a4a420 Exception <a 'java/lang/ClassNotFoundException'{0x000000076abeb8a8}: sun/awt/resources/spi/awtProvider> (0x000000076abeb8a8) 
thrown [s\open\src\hotspot\share\classfile\systemDictionary.cpp, line 256]
Event: 0.212 Thread 0x0000022b28a4a420 Exception <a 'java/io/FileNotFoundException'{0x000000076a843c40}> (0x000000076a843c40) 
thrown [s\open\src\hotspot\share\prims\jni.cpp, line 516]
Event: 0.222 Thread 0x0000022b28a4a420 Exception <a 'java/io/FileNotFoundException'{0x000000076a870ba0}> (0x000000076a870ba0) 
thrown [s\open\src\hotspot\share\prims\jni.cpp, line 516]
Event: 0.283 Thread 0x0000022b28a4a420 Exception <a 'java/lang/NoSuchMethodError'{0x000000076a8bae88}: 'java.lang.Object java.lang.invoke.DirectMethodHandle$Holder.invokeStaticInit(java.lang.Object)'> (0x000000076a8bae88) 
thrown [s\open\src\hotspot\share\interpreter\linkResolver.cpp, line 759]
Event: 0.462 Thread 0x0000022b28a4a420 Exception <a 'java/lang/NoSuchMethodError'{0x000000076a976900}: 'void java.lang.invoke.DirectMethodHandle$Holder.invokeSpecial(java.lang.Object, java.lang.Object, java.lang.Object)'> (0x000000076a976900) 
thrown [s\open\src\hotspot\share\interpreter\linkResolver.cpp, line 759]
Event: 0.477 Thread 0x0000022b28a4a420 Exception <a 'java/lang/NoSuchMethodError'{0x000000076a9a09c8}: 'java.lang.Object java.lang.invoke.DirectMethodHandle$Holder.newInvokeSpecial(java.lang.Object, java.lang.Object, java.lang.Object, java.lang.Object, java.lang.Object)'> (0x000000076a9a09c8) 
thrown [s\open\src\hotspot\share\interpreter\linkResolver.cpp, line 759]
Event: 0.480 Thread 0x0000022b28a4a420 Exception <a 'java/lang/NoSuchMethodError'{0x000000076a9ac390}: 'java.lang.Object java.lang.invoke.DirectMethodHandle$Holder.invokeStatic(java.lang.Object, int, java.lang.Object, java.lang.Object, java.lang.Object, java.lang.Object)'> (0x000000076a9ac390) 
thrown [s\open\src\hotspot\share\interpreter\linkResolver.cpp, line 759]
Event: 0.486 Thread 0x0000022b28a4a420 Exception <a 'java/lang/NoSuchMethodError'{0x000000076a9d1ea8}: 'java.lang.Object java.lang.invoke.DirectMethodHandle$Holder.invokeStatic(java.lang.Object, int, java.lang.Object)'> (0x000000076a9d1ea8) 
thrown [s\open\src\hotspot\share\interpreter\linkResolver.cpp, line 759]
Event: 0.520 Thread 0x0000022b28a4a420 Exception <a 'java/lang/ClassNotFoundException'{0x000000076a689e48}: com/sun/swing/internal/plaf/metal/resources/spi/metalProvider> (0x000000076a689e48) 
thrown [s\open\src\hotspot\share\classfile\systemDictionary.cpp, line 256]
Event: 0.522 Thread 0x0000022b28a4a420 Exception <a 'java/lang/ClassNotFoundException'{0x000000076a68dcd0}: com/sun/swing/internal/plaf/basic/resources/spi/basicProvider> (0x000000076a68dcd0) 
thrown [s\open\src\hotspot\share\classfile\systemDictionary.cpp, line 256]
Event: 0.551 Thread 0x0000022b48c1d190 Exception <a 'java/lang/NoSuchMethodError'{0x000000076a8f15b0}: 'void java.lang.invoke.DirectMethodHandle$Holder.invokeVirtual(java.lang.Object, java.lang.Object)'> (0x000000076a8f15b0) 
thrown [s\open\src\hotspot\share\interpreter\linkResolver.cpp, line 759]
Event: 0.575 Thread 0x0000022b28a4a420 Exception <a 'java/lang/NoSuchMethodError'{0x000000076a6c9640}: 'void java.lang.invoke.DirectMethodHandle$Holder.invokeStaticInit(java.lang.Object)'> (0x000000076a6c9640) 
thrown [s\open\src\hotspot\share\interpreter\linkResolver.cpp, line 759]
Event: 0.924 Thread 0x0000022b28a4a420 Exception <a 'java/lang/NoSuchMethodError'{0x000000076a579d70}: 'java.lang.Object java.lang.invoke.DirectMethodHandle$Holder.invokeInterface(java.lang.Object, java.lang.Object)'> (0x000000076a579d70) 
thrown [s\open\src\hotspot\share\interpreter\linkResolver.cpp, line 759]

VM Operations (10 events):
Event: 0.520 Executing VM operation: HandshakeAllThreads
Event: 0.520 Executing VM operation: HandshakeAllThreads done
Event: 0.562 Executing VM operation: HandshakeAllThreads
Event: 0.562 Executing VM operation: HandshakeAllThreads done
Event: 0.609 Executing VM operation: HandshakeAllThreads
Event: 0.609 Executing VM operation: HandshakeAllThreads done
Event: 0.736 Executing VM operation: HandshakeAllThreads
Event: 0.736 Executing VM operation: HandshakeAllThreads done
Event: 0.746 Executing VM operation: HandshakeAllThreads
Event: 0.746 Executing VM operation: HandshakeAllThreads done

Events (20 events):
Event: 0.927 loading class java/util/stream/Nodes$EmptyNode$OfRef
Event: 0.927 loading class java/util/stream/Nodes$EmptyNode
Event: 0.927 loading class java/util/stream/Node
Event: 0.927 loading class java/util/stream/Node done
Event: 0.927 loading class java/util/stream/Nodes$EmptyNode done
Event: 0.927 loading class java/util/stream/Nodes$EmptyNode$OfRef done
Event: 0.927 loading class java/util/stream/Nodes$EmptyNode$OfInt
Event: 0.927 loading class java/util/stream/Node$OfInt
Event: 0.927 loading class java/util/stream/Node$OfPrimitive
Event: 0.927 loading class java/util/stream/Node$OfPrimitive done
Event: 0.927 loading class java/util/stream/Node$OfInt done
Event: 0.927 loading class java/util/stream/Nodes$EmptyNode$OfInt done
Event: 0.927 loading class java/util/stream/Nodes$EmptyNode$OfLong
Event: 0.927 loading class java/util/stream/Node$OfLong
Event: 0.927 loading class java/util/stream/Node$OfLong done
Event: 0.927 loading class java/util/stream/Nodes$EmptyNode$OfLong done
Event: 0.927 loading class java/util/stream/Nodes$EmptyNode$OfDouble
Event: 0.927 loading class java/util/stream/Node$OfDouble
Event: 0.928 loading class java/util/stream/Node$OfDouble done
Event: 0.928 loading class java/util/stream/Nodes$EmptyNode$OfDouble done


Dynamic libraries:
0x00007ff64c350000 - 0x00007ff64c360000 	C:\Program Files\Java\jdk-17\bin\javaw.exe
0x00007ffd695b0000 - 0x00007ffd697a8000 	C:\Windows\SYSTEM32\ntdll.dll
0x00007ffd687f0000 - 0x00007ffd688af000 	C:\Windows\System32\KERNEL32.DLL
0x00007ffd66d20000 - 0x00007ffd67016000 	C:\Windows\System32\KERNELBASE.dll
0x00007ffd673c0000 - 0x00007ffd674c0000 	C:\Windows\System32\ucrtbase.dll
0x00007ffd5c7c0000 - 0x00007ffd5c7d9000 	C:\Program Files\Java\jdk-17\bin\jli.dll
0x00007ffd69180000 - 0x00007ffd6922f000 	C:\Windows\System32\ADVAPI32.dll
0x00007ffd694d0000 - 0x00007ffd6956e000 	C:\Windows\System32\msvcrt.dll
0x00007ffd68f60000 - 0x00007ffd68ffc000 	C:\Windows\System32\sechost.dll
0x00007ffd67630000 - 0x00007ffd67756000 	C:\Windows\System32\RPCRT4.dll
0x00007ffd68d10000 - 0x00007ffd68ead000 	C:\Windows\System32\USER32.dll
0x00007ffd5c740000 - 0x00007ffd5c75b000 	C:\Program Files\Java\jdk-17\bin\VCRUNTIME140.dll
0x00007ffd67510000 - 0x00007ffd67532000 	C:\Windows\System32\win32u.dll
0x00007ffd68a50000 - 0x00007ffd68a7c000 	C:\Windows\System32\GDI32.dll
0x00007ffd672a0000 - 0x00007ffd673b5000 	C:\Windows\System32\gdi32full.dll
0x00007ffd67570000 - 0x00007ffd6760d000 	C:\Windows\System32\msvcp_win.dll
0x00007ffd57400000 - 0x00007ffd5769a000 	C:\Windows\WinSxS\amd64_microsoft.windows.common-controls_6595b64144ccf1df_6.0.19041.1110_none_60b5254171f9507e\COMCTL32.dll
0x00007ffd60660000 - 0x00007ffd6066a000 	C:\Windows\SYSTEM32\VERSION.dll
0x00007ffd690f0000 - 0x00007ffd69120000 	C:\Windows\System32\IMM32.DLL
0x00007ffd5d6a0000 - 0x00007ffd5d6ac000 	C:\Program Files\Java\jdk-17\bin\vcruntime140_1.dll
0x00007ffd55db0000 - 0x00007ffd55e3e000 	C:\Program Files\Java\jdk-17\bin\msvcp140.dll
0x00007ffd1ec40000 - 0x00007ffd1f81d000 	C:\Program Files\Java\jdk-17\bin\server\jvm.dll
0x00007ffd69230000 - 0x00007ffd69238000 	C:\Windows\System32\PSAPI.DLL
0x00007ffd5d810000 - 0x00007ffd5d837000 	C:\Windows\SYSTEM32\WINMM.dll
0x00007ffd5cec0000 - 0x00007ffd5cec9000 	C:\Windows\SYSTEM32\WSOCK32.dll
0x00007ffd69080000 - 0x00007ffd690eb000 	C:\Windows\System32\WS2_32.dll
0x00007ffd64b40000 - 0x00007ffd64b52000 	C:\Windows\SYSTEM32\kernel.appcore.dll
0x00007ffd5c710000 - 0x00007ffd5c71a000 	C:\Program Files\Java\jdk-17\bin\jimage.dll
0x00007ffd64170000 - 0x00007ffd64354000 	C:\Windows\SYSTEM32\DBGHELP.DLL
0x00007ffd53450000 - 0x00007ffd53484000 	C:\Windows\SYSTEM32\dbgcore.DLL
0x00007ffd66c90000 - 0x00007ffd66d12000 	C:\Windows\System32\bcryptPrimitives.dll
0x00007ffd58950000 - 0x00007ffd58975000 	C:\Program Files\Java\jdk-17\bin\java.dll
0x00007ffd4d1b0000 - 0x00007ffd4d287000 	C:\Program Files\Java\jdk-17\bin\jsvml.dll
0x00007ffd680a0000 - 0x00007ffd687e4000 	C:\Windows\System32\SHELL32.dll
0x00007ffd64d40000 - 0x00007ffd654d3000 	C:\Windows\SYSTEM32\windows.storage.dll
0x00007ffd67d40000 - 0x00007ffd68094000 	C:\Windows\System32\combase.dll
0x00007ffd66670000 - 0x00007ffd6669e000 	C:\Windows\SYSTEM32\Wldp.dll
0x00007ffd67820000 - 0x00007ffd678cd000 	C:\Windows\System32\SHCORE.dll
0x00007ffd69120000 - 0x00007ffd69175000 	C:\Windows\System32\shlwapi.dll
0x00007ffd66bd0000 - 0x00007ffd66bef000 	C:\Windows\SYSTEM32\profapi.dll
0x00007ffd5c3e0000 - 0x00007ffd5c3f9000 	C:\Program Files\Java\jdk-17\bin\net.dll
0x00007ffd5ed90000 - 0x00007ffd5ee9a000 	C:\Windows\SYSTEM32\WINHTTP.dll
0x00007ffd66360000 - 0x00007ffd663ca000 	C:\Windows\system32\mswsock.dll
0x00007ffd5c1d0000 - 0x00007ffd5c1e6000 	C:\Program Files\Java\jdk-17\bin\nio.dll
0x00007ffd5bf50000 - 0x00007ffd5bf68000 	C:\Program Files\Java\jdk-17\bin\zip.dll
0x00007ffd32800000 - 0x00007ffd32991000 	C:\Program Files\Java\jdk-17\bin\awt.dll
0x00007ffd69370000 - 0x00007ffd6943d000 	C:\Windows\System32\OLEAUT32.dll
0x00007ffd63fb0000 - 0x00007ffd64041000 	C:\Windows\SYSTEM32\apphelp.dll
0x00007ffd64850000 - 0x00007ffd6487f000 	C:\Windows\system32\DWMAPI.DLL
0x00007ffd64650000 - 0x00007ffd646ee000 	C:\Windows\system32\uxtheme.dll
0x00007ffd30cf0000 - 0x00007ffd30e15000 	C:\Windows\system32\opengl32.dll
0x00007ffd4cea0000 - 0x00007ffd4cecc000 	C:\Windows\SYSTEM32\GLU32.dll
0x00007ffd68930000 - 0x00007ffd68a44000 	C:\Windows\System32\MSCTF.dll
0x00007ffd69240000 - 0x00007ffd6936a000 	C:\Windows\System32\ole32.dll
0x00007ffd2ec60000 - 0x00007ffd2ee2d000 	C:\Windows\system32\d3d9.dll
0x00007ffd5d2e0000 - 0x00007ffd5d4bb000 	C:\Windows\System32\DriverStore\FileRepository\u0361313.inf_amd64_07132764fbaf152d\B361334\aticfx64.dll
0x00007ffd4ac80000 - 0x00007ffd4acb3000 	C:\Windows\System32\DriverStore\FileRepository\u0361313.inf_amd64_07132764fbaf152d\B361334\atiu9p64.dll
0x00007ffd18580000 - 0x00007ffd19216000 	C:\Windows\System32\DriverStore\FileRepository\u0361313.inf_amd64_07132764fbaf152d\B361334\atiumd64.dll
0x00000000765e0000 - 0x0000000077459000 	C:\Windows\System32\DriverStore\FileRepository\u0361313.inf_amd64_07132764fbaf152d\B361334\atiumd6a.dll
0x00007ffd66b00000 - 0x00007ffd66b4b000 	C:\Windows\SYSTEM32\POWRPROF.dll
0x00007ffd66ae0000 - 0x00007ffd66af2000 	C:\Windows\SYSTEM32\UMPDC.dll
0x00007ffd5bf20000 - 0x00007ffd5bf4f000 	C:\Windows\SYSTEM32\amdihk64.dll
0x00007ffd5db30000 - 0x00007ffd5db6b000 	C:\Windows\SYSTEM32\dxcore.dll
0x00007ffd674c0000 - 0x00007ffd6750e000 	C:\Windows\System32\cfgmgr32.dll
0x00007ffd3ebc0000 - 0x00007ffd3ec46000 	C:\Program Files\Java\jdk-17\bin\freetype.dll
0x00007ffd30c20000 - 0x00007ffd30ce5000 	C:\Program Files\Java\jdk-17\bin\fontmanager.dll
0x00007ffd5b250000 - 0x00007ffd5b349000 	C:\Windows\SYSTEM32\textinputframework.dll
0x00007ffd63940000 - 0x00007ffd63c9e000 	C:\Windows\System32\CoreUIComponents.dll
0x00007ffd63ca0000 - 0x00007ffd63d92000 	C:\Windows\System32\CoreMessaging.dll
0x00007ffd65da0000 - 0x00007ffd65dd3000 	C:\Windows\SYSTEM32\ntmarta.dll
0x00007ffd63270000 - 0x00007ffd633c4000 	C:\Windows\SYSTEM32\wintypes.dll

dbghelp: loaded successfully - version: 4.0.5 - missing functions: none
symbol engine: initialized successfully - sym options: 0x614 - pdb path: .;C:\Program Files\Java\jdk-17\bin;C:\Windows\SYSTEM32;C:\Windows\WinSxS\amd64_microsoft.windows.common-controls_6595b64144ccf1df_6.0.19041.1110_none_60b5254171f9507e;C:\Program Files\Java\jdk-17\bin\server;C:\Windows\System32\DriverStore\FileRepository\u0361313.inf_amd64_07132764fbaf152d\B361334

VM Arguments:
jvm_args: -Dfile.encoding=UTF-8 -XX:+ShowCodeDetailsInExceptionMessages 
java_command: view.BillManagementView
java_class_path (initial): D:\Documents\OOAD\Nhóm_1\bin;D:\Documents\OOAD\Nhóm_1\src\lib\mysql-connector-java-8.0.30.jar;D:\Documents\OOAD\Nhóm_1\src\lib\protobuf-java-3.19.4.jar;D:\Documents\OOAD\Nhóm_1\jgoodies-forms-1.8.0.jar
Launcher Type: SUN_STANDARD

[Global flags]
     intx CICompilerCount                          = 4                                         {product} {ergonomic}
     uint ConcGCThreads                            = 2                                         {product} {ergonomic}
     uint G1ConcRefinementThreads                  = 8                                         {product} {ergonomic}
   size_t G1HeapRegionSize                         = 2097152                                   {product} {ergonomic}
    uintx GCDrainStackTargetSize                   = 64                                        {product} {ergonomic}
   size_t InitialHeapSize                          = 167772160                                 {product} {ergonomic}
   size_t MarkStackSize                            = 4194304                                   {product} {ergonomic}
   size_t MaxHeapSize                              = 2671771648                                {product} {ergonomic}
   size_t MaxNewSize                               = 1602224128                                {product} {ergonomic}
   size_t MinHeapDeltaBytes                        = 2097152                                   {product} {ergonomic}
   size_t MinHeapSize                              = 8388608                                   {product} {ergonomic}
    uintx NonNMethodCodeHeapSize                   = 5839372                                {pd product} {ergonomic}
    uintx NonProfiledCodeHeapSize                  = 122909434                              {pd product} {ergonomic}
    uintx ProfiledCodeHeapSize                     = 122909434                              {pd product} {ergonomic}
    uintx ReservedCodeCacheSize                    = 251658240                              {pd product} {ergonomic}
     bool SegmentedCodeCache                       = true                                      {product} {ergonomic}
     bool ShowCodeDetailsInExceptionMessages       = true                                   {manageable} {command line}
   size_t SoftMaxHeapSize                          = 2671771648                             {manageable} {ergonomic}
     bool UseCompressedClassPointers               = true                           {product lp64_product} {ergonomic}
     bool UseCompressedOops                        = true                           {product lp64_product} {ergonomic}
     bool UseG1GC                                  = true                                      {product} {ergonomic}
     bool UseLargePagesIndividualAllocation        = false                                  {pd product} {ergonomic}

Logging:
Log output configuration:
 #0: stdout all=warning uptime,level,tags
 #1: stderr all=off uptime,level,tags

Environment Variables:
PATH=C:\Program Files\Common Files\Oracle\Java\javapath;C:\Windows\system32;C:\Windows;C:\Windows\System32\Wbem;C:\Windows\System32\WindowsPowerShell\v1.0\;C:\Windows\System32\OpenSSH\;C:\Users\ASUS\AppData\Local\Programs\Python\Python311\Scripts;C:\Users\ASUS\AppData\Local\Programs\Python\Python311;C:\Program Files (x86)\nodejs\;C:\Users\ASUS\AppData\Local\Programs\Python\Python311\Scripts\;C:\Users\ASUS\AppData\Local\Programs\Python\Python311\;C:\Users\ASUS\AppData\Local\Microsoft\WindowsApps;;C:\Users\ASUS\AppData\Local\Programs\Microsoft VS Code\bin;C:\Program Files\JetBrains\IntelliJ IDEA Community Edition 2023.1.1\bin;;C:\Users\ASUS\AppData\Roaming\npm
USERNAME=ASUS
OS=Windows_NT
PROCESSOR_IDENTIFIER=AMD64 Family 23 Model 24 Stepping 1, AuthenticAMD



---------------  S Y S T E M  ---------------

OS:
 Windows 10 , 64 bit Build 19041 (10.0.19041.3031)
OS uptime: 3 days 0:24 hours

CPU: total 8 (initial active 8) (8 cores per cpu, 2 threads per core) family 23 model 24 stepping 1 microcode 0x0, cx8, cmov, fxsr, ht, mmx, 3dnowpref, sse, sse2, sse3, ssse3, sse4a, sse4.1, sse4.2, popcnt, lzcnt, tsc, tscinvbit, avx, avx2, aes, clmul, bmi1, bmi2, adx, sha, fma, vzeroupper, clflush, clflushopt

Memory: 4k page, system-wide physical 10187M (2488M free)
TotalPageFile size 39368M (AvailPageFile size 4M)
current process WorkingSet (physical memory assigned to process): 72M, peak: 72M
current process commit charge ("private bytes"): 272M, peak: 274M

vm_info: Java HotSpot(TM) 64-Bit Server VM (17.0.7+8-LTS-224) for windows-amd64 JRE (17.0.7+8-LTS-224), built on Feb 28 2023 23:03:02 by "mach5one" with MS VC++ 17.1 (VS2022)

END.
