#
# There is insufficient memory for the Java Runtime Environment to continue.
# Native memory allocation (malloc) failed to allocate 47616 bytes for Chunk::new
# Possible reasons:
#   The system is out of physical RAM or swap space
#   The process is running with CompressedOops enabled, and the Java Heap may be blocking the growth of the native heap
# Possible solutions:
#   Reduce memory load on the system
#   Increase physical memory or swap space
#   Check if swap backing store is full
#   Decrease Java heap size (-Xmx/-Xms)
#   Decrease number of Java threads
#   Decrease Java thread stack sizes (-Xss)
#   Set larger code cache with -XX:ReservedCodeCacheSize=
#   JVM is running with Zero Based Compressed Oops mode in which the Java heap is
#     placed in the first 32GB address space. The Java Heap base address is the
#     maximum limit for the native heap growth. Please use -XX:HeapBaseMinAddress
#     to set the Java Heap base and to place the Java Heap above 32GB virtual address.
# This output file may be truncated or incomplete.
#
#  Out of Memory Error (arena.cpp:189), pid=31500, tid=28128
#
# JRE version: Java(TM) SE Runtime Environment (17.0.7+8) (build 17.0.7+8-LTS-224)
# Java VM: Java HotSpot(TM) 64-Bit Server VM (17.0.7+8-LTS-224, mixed mode, sharing, tiered, compressed oops, compressed class ptrs, g1 gc, windows-amd64)
# No core dump will be written. Minidumps are not enabled by default on client versions of Windows
#

---------------  S U M M A R Y ------------

Command Line: -Dfile.encoding=UTF-8 -XX:+ShowCodeDetailsInExceptionMessages view.BillManagementView

Host: AMD Ryzen 5 3500U with Radeon Vega Mobile Gfx  , 8 cores, 9G,  Windows 10 , 64 bit Build 19041 (10.0.19041.3031)
Time: Wed Jun 28 16:50:52 2023 SE Asia Standard Time elapsed time: 0.453180 seconds (0d 0h 0m 0s)

---------------  T H R E A D  ---------------

Current thread (0x000001a9ece28440):  JavaThread "C2 CompilerThread0" daemon [_thread_in_native, id=28128, stack(0x00000042c6000000,0x00000042c6100000)]


Current CompileTask:
C2:    453  291       4       jdk.internal.org.objectweb.asm.ByteVector::putUTF8 (144 bytes)

Stack: [0x00000042c6000000,0x00000042c6100000]
Native frames: (J=compiled Java code, j=interpreted, Vv=VM code, C=native code)
V  [jvm.dll+0x676a4a]
V  [jvm.dll+0x7d74f4]
V  [jvm.dll+0x7d8c9e]
V  [jvm.dll+0x7d9303]
V  [jvm.dll+0x2452c5]
V  [jvm.dll+0xaaa2b]
V  [jvm.dll+0xaafcc]
V  [jvm.dll+0x2aac2f]
V  [jvm.dll+0x57f375]
V  [jvm.dll+0x2205f2]
V  [jvm.dll+0x2194b5]
V  [jvm.dll+0x216df9]
V  [jvm.dll+0x1a35e0]
V  [jvm.dll+0x226a6e]
V  [jvm.dll+0x224e15]
V  [jvm.dll+0x78d05c]
V  [jvm.dll+0x78759a]
V  [jvm.dll+0x675875]
C  [ucrtbase.dll+0x21bb2]
C  [KERNEL32.DLL+0x17614]
C  [ntdll.dll+0x526f1]


---------------  P R O C E S S  ---------------

Threads class SMR info:
_java_thread_list=0x000001a9ed875600, length=12, elements={
0x000001a9cd9c9010, 0x000001a9ece0fb20, 0x000001a9ece11130, 0x000001a9ece1f680,
0x000001a9ece20140, 0x000001a9ece236a0, 0x000001a9ece24860, 0x000001a9ece28440,
0x000001a9ece2ae40, 0x000001a9ece2b830, 0x000001a9ed8a8120, 0x000001a9ed8b09a0
}

Java Threads: ( => current thread )
  0x000001a9cd9c9010 JavaThread "main" [_thread_in_Java, id=19880, stack(0x00000042c5300000,0x00000042c5400000)]
  0x000001a9ece0fb20 JavaThread "Reference Handler" daemon [_thread_blocked, id=31456, stack(0x00000042c5a00000,0x00000042c5b00000)]
  0x000001a9ece11130 JavaThread "Finalizer" daemon [_thread_blocked, id=30900, stack(0x00000042c5b00000,0x00000042c5c00000)]
  0x000001a9ece1f680 JavaThread "Signal Dispatcher" daemon [_thread_blocked, id=31288, stack(0x00000042c5c00000,0x00000042c5d00000)]
  0x000001a9ece20140 JavaThread "Attach Listener" daemon [_thread_blocked, id=27804, stack(0x00000042c5d00000,0x00000042c5e00000)]
  0x000001a9ece236a0 JavaThread "Service Thread" daemon [_thread_blocked, id=30960, stack(0x00000042c5e00000,0x00000042c5f00000)]
  0x000001a9ece24860 JavaThread "Monitor Deflation Thread" daemon [_thread_blocked, id=25476, stack(0x00000042c5f00000,0x00000042c6000000)]
=>0x000001a9ece28440 JavaThread "C2 CompilerThread0" daemon [_thread_in_native, id=28128, stack(0x00000042c6000000,0x00000042c6100000)]
  0x000001a9ece2ae40 JavaThread "C1 CompilerThread0" daemon [_thread_blocked, id=31300, stack(0x00000042c6100000,0x00000042c6200000)]
  0x000001a9ece2b830 JavaThread "Sweeper thread" daemon [_thread_blocked, id=30824, stack(0x00000042c6200000,0x00000042c6300000)]
  0x000001a9ed8a8120 JavaThread "Notification Thread" daemon [_thread_blocked, id=28032, stack(0x00000042c6300000,0x00000042c6400000)]
  0x000001a9ed8b09a0 JavaThread "Common-Cleaner" daemon [_thread_blocked, id=29344, stack(0x00000042c6500000,0x00000042c6600000)]

Other Threads:
  0x000001a9ece07eb0 VMThread "VM Thread" [stack: 0x00000042c5900000,0x00000042c5a00000] [id=28648]
  0x000001a9ed8a9830 WatcherThread [stack: 0x00000042c6400000,0x00000042c6500000] [id=29444]
  0x000001a9cda1a130 GCTaskThread "GC Thread#0" [stack: 0x00000042c5400000,0x00000042c5500000] [id=28424]
  0x000001a9cda24fb0 ConcurrentGCThread "G1 Main Marker" [stack: 0x00000042c5500000,0x00000042c5600000] [id=29568]
  0x000001a9cda26160 ConcurrentGCThread "G1 Conc#0" [stack: 0x00000042c5600000,0x00000042c5700000] [id=20852]
  0x000001a9ecce0090 ConcurrentGCThread "G1 Refine#0" [stack: 0x00000042c5700000,0x00000042c5800000] [id=27252]
  0x000001a9ecce1ac0 ConcurrentGCThread "G1 Service" [stack: 0x00000042c5800000,0x00000042c5900000] [id=14988]

Threads with active compile tasks:
C2 CompilerThread0      494  291       4       jdk.internal.org.objectweb.asm.ByteVector::putUTF8 (144 bytes)
C1 CompilerThread0      494  298       3       jdk.internal.org.objectweb.asm.Type::getArgumentsAndReturnSizes (140 bytes)

VM state: not at safepoint (normal execution)

VM Mutex/Monitor currently owned by a thread: None

Heap address: 0x0000000760c00000, size: 2548 MB, Compressed Oops mode: Zero based, Oop shift amount: 3

CDS archive(s) mapped at: [0x0000000800000000-0x0000000800bd0000-0x0000000800bd0000), size 12386304, SharedBaseAddress: 0x0000000800000000, ArchiveRelocationMode: 0.
Compressed class space mapped at: 0x0000000800c00000-0x0000000840c00000, reserved size: 1073741824
Narrow klass base: 0x0000000800000000, Narrow klass shift: 0, Narrow klass range: 0x100000000

GC Precious Log:
 CPUs: 8 total, 8 available
 Memory: 10187M
 Large Page Support: Disabled
 NUMA Support: Disabled
 Compressed Oops: Enabled (Zero based)
 Heap Region Size: 2M
 Heap Min Capacity: 8M
 Heap Initial Capacity: 160M
 Heap Max Capacity: 2548M
 Pre-touch: Disabled
 Parallel Workers: 8
 Concurrent Workers: 2
 Concurrent Refinement Workers: 8
 Periodic GC: Disabled

Heap:
 garbage-first heap   total 163840K, used 2048K [0x0000000760c00000, 0x0000000800000000)
  region size 2048K, 2 young (4096K), 0 survivors (0K)
 Metaspace       used 2722K, committed 2880K, reserved 1056768K
  class space    used 269K, committed 320K, reserved 1048576K

Heap Regions: E=young(eden), S=young(survivor), O=old, HS=humongous(starts), HC=humongous(continues), CS=collection set, F=free, OA=open archive, CA=closed archive, TAMS=top-at-mark-start (previous, next)
|   0|0x0000000760c00000, 0x0000000760c00000, 0x0000000760e00000|  0%| F|  |TAMS 0x0000000760c00000, 0x0000000760c00000| Untracked 
|   1|0x0000000760e00000, 0x0000000760e00000, 0x0000000761000000|  0%| F|  |TAMS 0x0000000760e00000, 0x0000000760e00000| Untracked 
|   2|0x0000000761000000, 0x0000000761000000, 0x0000000761200000|  0%| F|  |TAMS 0x0000000761000000, 0x0000000761000000| Untracked 
|   3|0x0000000761200000, 0x0000000761200000, 0x0000000761400000|  0%| F|  |TAMS 0x0000000761200000, 0x0000000761200000| Untracked 
|   4|0x0000000761400000, 0x0000000761400000, 0x0000000761600000|  0%| F|  |TAMS 0x0000000761400000, 0x0000000761400000| Untracked 
|   5|0x0000000761600000, 0x0000000761600000, 0x0000000761800000|  0%| F|  |TAMS 0x0000000761600000, 0x0000000761600000| Untracked 
|   6|0x0000000761800000, 0x0000000761800000, 0x0000000761a00000|  0%| F|  |TAMS 0x0000000761800000, 0x0000000761800000| Untracked 
|   7|0x0000000761a00000, 0x0000000761a00000, 0x0000000761c00000|  0%| F|  |TAMS 0x0000000761a00000, 0x0000000761a00000| Untracked 
|   8|0x0000000761c00000, 0x0000000761c00000, 0x0000000761e00000|  0%| F|  |TAMS 0x0000000761c00000, 0x0000000761c00000| Untracked 
|   9|0x0000000761e00000, 0x0000000761e00000, 0x0000000762000000|  0%| F|  |TAMS 0x0000000761e00000, 0x0000000761e00000| Untracked 
|  10|0x0000000762000000, 0x0000000762000000, 0x0000000762200000|  0%| F|  |TAMS 0x0000000762000000, 0x0000000762000000| Untracked 
|  11|0x0000000762200000, 0x0000000762200000, 0x0000000762400000|  0%| F|  |TAMS 0x0000000762200000, 0x0000000762200000| Untracked 
|  12|0x0000000762400000, 0x0000000762400000, 0x0000000762600000|  0%| F|  |TAMS 0x0000000762400000, 0x0000000762400000| Untracked 
|  13|0x0000000762600000, 0x0000000762600000, 0x0000000762800000|  0%| F|  |TAMS 0x0000000762600000, 0x0000000762600000| Untracked 
|  14|0x0000000762800000, 0x0000000762800000, 0x0000000762a00000|  0%| F|  |TAMS 0x0000000762800000, 0x0000000762800000| Untracked 
|  15|0x0000000762a00000, 0x0000000762a00000, 0x0000000762c00000|  0%| F|  |TAMS 0x0000000762a00000, 0x0000000762a00000| Untracked 
|  16|0x0000000762c00000, 0x0000000762c00000, 0x0000000762e00000|  0%| F|  |TAMS 0x0000000762c00000, 0x0000000762c00000| Untracked 
|  17|0x0000000762e00000, 0x0000000762e00000, 0x0000000763000000|  0%| F|  |TAMS 0x0000000762e00000, 0x0000000762e00000| Untracked 
|  18|0x0000000763000000, 0x0000000763000000, 0x0000000763200000|  0%| F|  |TAMS 0x0000000763000000, 0x0000000763000000| Untracked 
|  19|0x0000000763200000, 0x0000000763200000, 0x0000000763400000|  0%| F|  |TAMS 0x0000000763200000, 0x0000000763200000| Untracked 
|  20|0x0000000763400000, 0x0000000763400000, 0x0000000763600000|  0%| F|  |TAMS 0x0000000763400000, 0x0000000763400000| Untracked 
|  21|0x0000000763600000, 0x0000000763600000, 0x0000000763800000|  0%| F|  |TAMS 0x0000000763600000, 0x0000000763600000| Untracked 
|  22|0x0000000763800000, 0x0000000763800000, 0x0000000763a00000|  0%| F|  |TAMS 0x0000000763800000, 0x0000000763800000| Untracked 
|  23|0x0000000763a00000, 0x0000000763a00000, 0x0000000763c00000|  0%| F|  |TAMS 0x0000000763a00000, 0x0000000763a00000| Untracked 
|  24|0x0000000763c00000, 0x0000000763c00000, 0x0000000763e00000|  0%| F|  |TAMS 0x0000000763c00000, 0x0000000763c00000| Untracked 
|  25|0x0000000763e00000, 0x0000000763e00000, 0x0000000764000000|  0%| F|  |TAMS 0x0000000763e00000, 0x0000000763e00000| Untracked 
|  26|0x0000000764000000, 0x0000000764000000, 0x0000000764200000|  0%| F|  |TAMS 0x0000000764000000, 0x0000000764000000| Untracked 
|  27|0x0000000764200000, 0x0000000764200000, 0x0000000764400000|  0%| F|  |TAMS 0x0000000764200000, 0x0000000764200000| Untracked 
|  28|0x0000000764400000, 0x0000000764400000, 0x0000000764600000|  0%| F|  |TAMS 0x0000000764400000, 0x0000000764400000| Untracked 
|  29|0x0000000764600000, 0x0000000764600000, 0x0000000764800000|  0%| F|  |TAMS 0x0000000764600000, 0x0000000764600000| Untracked 
|  30|0x0000000764800000, 0x0000000764800000, 0x0000000764a00000|  0%| F|  |TAMS 0x0000000764800000, 0x0000000764800000| Untracked 
|  31|0x0000000764a00000, 0x0000000764a00000, 0x0000000764c00000|  0%| F|  |TAMS 0x0000000764a00000, 0x0000000764a00000| Untracked 
|  32|0x0000000764c00000, 0x0000000764c00000, 0x0000000764e00000|  0%| F|  |TAMS 0x0000000764c00000, 0x0000000764c00000| Untracked 
|  33|0x0000000764e00000, 0x0000000764e00000, 0x0000000765000000|  0%| F|  |TAMS 0x0000000764e00000, 0x0000000764e00000| Untracked 
|  34|0x0000000765000000, 0x0000000765000000, 0x0000000765200000|  0%| F|  |TAMS 0x0000000765000000, 0x0000000765000000| Untracked 
|  35|0x0000000765200000, 0x0000000765200000, 0x0000000765400000|  0%| F|  |TAMS 0x0000000765200000, 0x0000000765200000| Untracked 
|  36|0x0000000765400000, 0x0000000765400000, 0x0000000765600000|  0%| F|  |TAMS 0x0000000765400000, 0x0000000765400000| Untracked 
|  37|0x0000000765600000, 0x0000000765600000, 0x0000000765800000|  0%| F|  |TAMS 0x0000000765600000, 0x0000000765600000| Untracked 
|  38|0x0000000765800000, 0x0000000765800000, 0x0000000765a00000|  0%| F|  |TAMS 0x0000000765800000, 0x0000000765800000| Untracked 
|  39|0x0000000765a00000, 0x0000000765a00000, 0x0000000765c00000|  0%| F|  |TAMS 0x0000000765a00000, 0x0000000765a00000| Untracked 
|  40|0x0000000765c00000, 0x0000000765c00000, 0x0000000765e00000|  0%| F|  |TAMS 0x0000000765c00000, 0x0000000765c00000| Untracked 
|  41|0x0000000765e00000, 0x0000000765e00000, 0x0000000766000000|  0%| F|  |TAMS 0x0000000765e00000, 0x0000000765e00000| Untracked 
|  42|0x0000000766000000, 0x0000000766000000, 0x0000000766200000|  0%| F|  |TAMS 0x0000000766000000, 0x0000000766000000| Untracked 
|  43|0x0000000766200000, 0x0000000766200000, 0x0000000766400000|  0%| F|  |TAMS 0x0000000766200000, 0x0000000766200000| Untracked 
|  44|0x0000000766400000, 0x0000000766400000, 0x0000000766600000|  0%| F|  |TAMS 0x0000000766400000, 0x0000000766400000| Untracked 
|  45|0x0000000766600000, 0x0000000766600000, 0x0000000766800000|  0%| F|  |TAMS 0x0000000766600000, 0x0000000766600000| Untracked 
|  46|0x0000000766800000, 0x0000000766800000, 0x0000000766a00000|  0%| F|  |TAMS 0x0000000766800000, 0x0000000766800000| Untracked 
|  47|0x0000000766a00000, 0x0000000766a00000, 0x0000000766c00000|  0%| F|  |TAMS 0x0000000766a00000, 0x0000000766a00000| Untracked 
|  48|0x0000000766c00000, 0x0000000766c00000, 0x0000000766e00000|  0%| F|  |TAMS 0x0000000766c00000, 0x0000000766c00000| Untracked 
|  49|0x0000000766e00000, 0x0000000766e00000, 0x0000000767000000|  0%| F|  |TAMS 0x0000000766e00000, 0x0000000766e00000| Untracked 
|  50|0x0000000767000000, 0x0000000767000000, 0x0000000767200000|  0%| F|  |TAMS 0x0000000767000000, 0x0000000767000000| Untracked 
|  51|0x0000000767200000, 0x0000000767200000, 0x0000000767400000|  0%| F|  |TAMS 0x0000000767200000, 0x0000000767200000| Untracked 
|  52|0x0000000767400000, 0x0000000767400000, 0x0000000767600000|  0%| F|  |TAMS 0x0000000767400000, 0x0000000767400000| Untracked 
|  53|0x0000000767600000, 0x0000000767600000, 0x0000000767800000|  0%| F|  |TAMS 0x0000000767600000, 0x0000000767600000| Untracked 
|  54|0x0000000767800000, 0x0000000767800000, 0x0000000767a00000|  0%| F|  |TAMS 0x0000000767800000, 0x0000000767800000| Untracked 
|  55|0x0000000767a00000, 0x0000000767a00000, 0x0000000767c00000|  0%| F|  |TAMS 0x0000000767a00000, 0x0000000767a00000| Untracked 
|  56|0x0000000767c00000, 0x0000000767c00000, 0x0000000767e00000|  0%| F|  |TAMS 0x0000000767c00000, 0x0000000767c00000| Untracked 
|  57|0x0000000767e00000, 0x0000000767e00000, 0x0000000768000000|  0%| F|  |TAMS 0x0000000767e00000, 0x0000000767e00000| Untracked 
|  58|0x0000000768000000, 0x0000000768000000, 0x0000000768200000|  0%| F|  |TAMS 0x0000000768000000, 0x0000000768000000| Untracked 
|  59|0x0000000768200000, 0x0000000768200000, 0x0000000768400000|  0%| F|  |TAMS 0x0000000768200000, 0x0000000768200000| Untracked 
|  60|0x0000000768400000, 0x0000000768400000, 0x0000000768600000|  0%| F|  |TAMS 0x0000000768400000, 0x0000000768400000| Untracked 
|  61|0x0000000768600000, 0x0000000768600000, 0x0000000768800000|  0%| F|  |TAMS 0x0000000768600000, 0x0000000768600000| Untracked 
|  62|0x0000000768800000, 0x0000000768800000, 0x0000000768a00000|  0%| F|  |TAMS 0x0000000768800000, 0x0000000768800000| Untracked 
|  63|0x0000000768a00000, 0x0000000768a00000, 0x0000000768c00000|  0%| F|  |TAMS 0x0000000768a00000, 0x0000000768a00000| Untracked 
|  64|0x0000000768c00000, 0x0000000768c00000, 0x0000000768e00000|  0%| F|  |TAMS 0x0000000768c00000, 0x0000000768c00000| Untracked 
|  65|0x0000000768e00000, 0x0000000768e00000, 0x0000000769000000|  0%| F|  |TAMS 0x0000000768e00000, 0x0000000768e00000| Untracked 
|  66|0x0000000769000000, 0x0000000769000000, 0x0000000769200000|  0%| F|  |TAMS 0x0000000769000000, 0x0000000769000000| Untracked 
|  67|0x0000000769200000, 0x0000000769200000, 0x0000000769400000|  0%| F|  |TAMS 0x0000000769200000, 0x0000000769200000| Untracked 
|  68|0x0000000769400000, 0x0000000769400000, 0x0000000769600000|  0%| F|  |TAMS 0x0000000769400000, 0x0000000769400000| Untracked 
|  69|0x0000000769600000, 0x0000000769600000, 0x0000000769800000|  0%| F|  |TAMS 0x0000000769600000, 0x0000000769600000| Untracked 
|  70|0x0000000769800000, 0x0000000769800000, 0x0000000769a00000|  0%| F|  |TAMS 0x0000000769800000, 0x0000000769800000| Untracked 
|  71|0x0000000769a00000, 0x0000000769a00000, 0x0000000769c00000|  0%| F|  |TAMS 0x0000000769a00000, 0x0000000769a00000| Untracked 
|  72|0x0000000769c00000, 0x0000000769c00000, 0x0000000769e00000|  0%| F|  |TAMS 0x0000000769c00000, 0x0000000769c00000| Untracked 
|  73|0x0000000769e00000, 0x0000000769e00000, 0x000000076a000000|  0%| F|  |TAMS 0x0000000769e00000, 0x0000000769e00000| Untracked 
|  74|0x000000076a000000, 0x000000076a000000, 0x000000076a200000|  0%| F|  |TAMS 0x000000076a000000, 0x000000076a000000| Untracked 
|  75|0x000000076a200000, 0x000000076a200000, 0x000000076a400000|  0%| F|  |TAMS 0x000000076a200000, 0x000000076a200000| Untracked 
|  76|0x000000076a400000, 0x000000076a400000, 0x000000076a600000|  0%| F|  |TAMS 0x000000076a400000, 0x000000076a400000| Untracked 
|  77|0x000000076a600000, 0x000000076a600000, 0x000000076a800000|  0%| F|  |TAMS 0x000000076a600000, 0x000000076a600000| Untracked 
|  78|0x000000076a800000, 0x000000076a8e1e60, 0x000000076aa00000| 44%| E|  |TAMS 0x000000076a800000, 0x000000076a800000| Complete 
|  79|0x000000076aa00000, 0x000000076ac00000, 0x000000076ac00000|100%| E|CS|TAMS 0x000000076aa00000, 0x000000076aa00000| Complete 

Card table byte_map: [0x000001a9e4a90000,0x000001a9e4f90000] _byte_map_base: 0x000001a9e0f8a000

Marking Bits (Prev, Next): (CMBitMap*) 0x000001a9cda1a740, (CMBitMap*) 0x000001a9cda1a780
 Prev Bits: [0x000001a9e5490000, 0x000001a9e7c60000)
 Next Bits: [0x000001a9e7c60000, 0x000001a9ea430000)

Polling page: 0x000001a9cb9b0000

Metaspace:

Usage:
  Non-class:      2.41 MB used.
      Class:    272.12 KB used.
       Both:      2.68 MB used.

Virtual space:
  Non-class space:        8.00 MB reserved,       2.50 MB ( 31%) committed,  1 nodes.
      Class space:        1.00 GB reserved,     320.00 KB ( <1%) committed,  1 nodes.
             Both:        1.01 GB reserved,       2.81 MB ( <1%) committed. 

Chunk freelists:
   Non-Class:  3.93 MB
       Class:  3.71 MB
        Both:  7.65 MB

MaxMetaspaceSize: unlimited
CompressedClassSpaceSize: 1.00 GB
Initial GC threshold: 21.00 MB
Current GC threshold: 21.00 MB
CDS: on
MetaspaceReclaimPolicy: balanced
 - commit_granule_bytes: 65536.
 - commit_granule_words: 8192.
 - virtual_space_node_default_size: 1048576.
 - enlarge_chunks_in_place: 1.
 - new_chunks_are_fully_committed: 0.
 - uncommit_free_chunks: 1.
 - use_allocation_guard: 0.
 - handle_deallocations: 1.


Internal statistics:

num_allocs_failed_limit: 0.
num_arena_births: 58.
num_arena_deaths: 0.
num_vsnodes_births: 2.
num_vsnodes_deaths: 0.
num_space_committed: 45.
num_space_uncommitted: 0.
num_chunks_returned_to_freelist: 0.
num_chunks_taken_from_freelist: 69.
num_chunk_merges: 0.
num_chunk_splits: 44.
num_chunks_enlarged: 21.
num_purges: 0.
num_inconsistent_stats: 0.

CodeHeap 'non-profiled nmethods': size=120000Kb used=90Kb max_used=90Kb free=119909Kb
 bounds [0x000001a9dcd30000, 0x000001a9dcfa0000, 0x000001a9e4260000]
CodeHeap 'profiled nmethods': size=120000Kb used=413Kb max_used=413Kb free=119586Kb
 bounds [0x000001a9d5260000, 0x000001a9d54d0000, 0x000001a9dc790000]
CodeHeap 'non-nmethods': size=5760Kb used=1166Kb max_used=1166Kb free=4593Kb
 bounds [0x000001a9dc790000, 0x000001a9dca00000, 0x000001a9dcd30000]
 total_blobs=760 nmethods=300 adapters=373
 compilation: enabled
              stopped_count=0, restarted_count=0
 full_count=0

Compilation events (20 events):
Event: 0.443 Thread 0x000001a9ece2ae40  274       3       java.lang.invoke.LambdaForm$BasicType::basicTypeSlots (8 bytes)
Event: 0.443 Thread 0x000001a9ece2ae40 nmethod 274 0x000001a9d52bce90 code [0x000001a9d52bd020, 0x000001a9d52bd198]
Event: 0.443 Thread 0x000001a9ece2ae40  269       1       java.lang.Class::getModule (5 bytes)
Event: 0.443 Thread 0x000001a9ece2ae40 nmethod 269 0x000001a9dcd44790 code [0x000001a9dcd44920, 0x000001a9dcd449f8]
Event: 0.444 Thread 0x000001a9ece2ae40  277       3       java.lang.ref.WeakReference::<init> (7 bytes)
Event: 0.444 Thread 0x000001a9ece2ae40 nmethod 277 0x000001a9d52bd290 code [0x000001a9d52bd440, 0x000001a9d52bd738]
Event: 0.445 Thread 0x000001a9ece2ae40  280       3       java.lang.invoke.MethodTypeForm::canonicalize (59 bytes)
Event: 0.445 Thread 0x000001a9ece2ae40 nmethod 280 0x000001a9d52bd810 code [0x000001a9d52bd9e0, 0x000001a9d52bdd08]
Event: 0.445 Thread 0x000001a9ece2ae40  281       3       java.lang.invoke.MethodType$ConcurrentWeakInternSet::add (66 bytes)
Event: 0.446 Thread 0x000001a9ece2ae40 nmethod 281 0x000001a9d52bde10 code [0x000001a9d52be0a0, 0x000001a9d52bef08]
Event: 0.446 Thread 0x000001a9ece2ae40  286       3       java.lang.invoke.LambdaForm$Name::<init> (54 bytes)
Event: 0.447 Thread 0x000001a9ece2ae40 nmethod 286 0x000001a9d52bf410 code [0x000001a9d52bf5c0, 0x000001a9d52bf898]
Event: 0.447 Thread 0x000001a9ece2ae40  282       3       java.lang.invoke.MethodHandles$Lookup::lookupClassOrNull (17 bytes)
Event: 0.447 Thread 0x000001a9ece2ae40 nmethod 282 0x000001a9d52bf990 code [0x000001a9d52bfb20, 0x000001a9d52bfcb8]
Event: 0.447 Thread 0x000001a9ece2ae40  289       3       java.lang.invoke.MemberName::getMethodOrFieldType (72 bytes)
Event: 0.447 Thread 0x000001a9ece28440  291       4       jdk.internal.org.objectweb.asm.ByteVector::putUTF8 (144 bytes)
Event: 0.448 Thread 0x000001a9ece2ae40 nmethod 289 0x000001a9d52bfd90 code [0x000001a9d52c00c0, 0x000001a9d52c0fa8]
Event: 0.448 Thread 0x000001a9ece2ae40  290       3       java.lang.invoke.InvokerBytecodeGenerator::loadInsnOpcode (98 bytes)
Event: 0.449 Thread 0x000001a9ece2ae40 nmethod 290 0x000001a9d52c1510 code [0x000001a9d52c1780, 0x000001a9d52c2198]
Event: 0.449 Thread 0x000001a9ece2ae40  293       3       java.lang.invoke.MethodType::parameterSlotCount (8 bytes)

GC Heap History (0 events):
No events

Deoptimization events (0 events):
No events

Classes unloaded (0 events):
No events

Classes redefined (0 events):
No events

Internal exceptions (3 events):
Event: 0.352 Thread 0x000001a9cd9c9010 Exception <a 'java/lang/ClassNotFoundException'{0x000000076abeb8b0}: sun/awt/resources/spi/awtProvider> (0x000000076abeb8b0) 
thrown [s\open\src\hotspot\share\classfile\systemDictionary.cpp, line 256]
Event: 0.397 Thread 0x000001a9cd9c9010 Exception <a 'java/io/FileNotFoundException'{0x000000076a843c40}> (0x000000076a843c40) 
thrown [s\open\src\hotspot\share\prims\jni.cpp, line 516]
Event: 0.414 Thread 0x000001a9cd9c9010 Exception <a 'java/io/FileNotFoundException'{0x000000076a870b38}> (0x000000076a870b38) 
thrown [s\open\src\hotspot\share\prims\jni.cpp, line 516]

VM Operations (0 events):
No events

Events (20 events):
Event: 0.438 loading class sun/awt/AppContext$1 done
Event: 0.438 loading class java/awt/EventQueue
Event: 0.438 loading class java/awt/EventQueue done
Event: 0.438 loading class java/awt/EventQueue$1
Event: 0.438 loading class java/awt/EventQueue$1 done
Event: 0.438 loading class java/awt/EventQueue$2
Event: 0.438 loading class sun/awt/AWTAccessor$EventQueueAccessor
Event: 0.438 loading class sun/awt/AWTAccessor$EventQueueAccessor done
Event: 0.438 loading class java/awt/EventQueue$2 done
Event: 0.438 loading class java/awt/EventQueue$3
Event: 0.438 loading class java/awt/EventQueue$3 done
Event: 0.438 loading class java/awt/Queue
Event: 0.439 loading class java/awt/Queue done
Event: 0.448 loading class sun/awt/MostRecentKeyValue
Event: 0.448 loading class sun/awt/MostRecentKeyValue done
Event: 0.448 loading class sun/awt/PostEventQueue
Event: 0.448 loading class sun/awt/PostEventQueue done
Event: 0.448 loading class java/awt/Cursor
Event: 0.448 loading class java/awt/Cursor done
Event: 0.449 loading class java/awt/Point


Dynamic libraries:
0x00007ff64c350000 - 0x00007ff64c360000 	C:\Program Files\Java\jdk-17\bin\javaw.exe
0x00007ffd695b0000 - 0x00007ffd697a8000 	C:\Windows\SYSTEM32\ntdll.dll
0x00007ffd687f0000 - 0x00007ffd688af000 	C:\Windows\System32\KERNEL32.DLL
0x00007ffd66d20000 - 0x00007ffd67016000 	C:\Windows\System32\KERNELBASE.dll
0x00007ffd673c0000 - 0x00007ffd674c0000 	C:\Windows\System32\ucrtbase.dll
0x00007ffd5c7c0000 - 0x00007ffd5c7d9000 	C:\Program Files\Java\jdk-17\bin\jli.dll
0x00007ffd69180000 - 0x00007ffd6922f000 	C:\Windows\System32\ADVAPI32.dll
0x00007ffd694d0000 - 0x00007ffd6956e000 	C:\Windows\System32\msvcrt.dll
0x00007ffd68f60000 - 0x00007ffd68ffc000 	C:\Windows\System32\sechost.dll
0x00007ffd67630000 - 0x00007ffd67756000 	C:\Windows\System32\RPCRT4.dll
0x00007ffd5c740000 - 0x00007ffd5c75b000 	C:\Program Files\Java\jdk-17\bin\VCRUNTIME140.dll
0x00007ffd68d10000 - 0x00007ffd68ead000 	C:\Windows\System32\USER32.dll
0x00007ffd67510000 - 0x00007ffd67532000 	C:\Windows\System32\win32u.dll
0x00007ffd68a50000 - 0x00007ffd68a7c000 	C:\Windows\System32\GDI32.dll
0x00007ffd672a0000 - 0x00007ffd673b5000 	C:\Windows\System32\gdi32full.dll
0x00007ffd67570000 - 0x00007ffd6760d000 	C:\Windows\System32\msvcp_win.dll
0x00007ffd57400000 - 0x00007ffd5769a000 	C:\Windows\WinSxS\amd64_microsoft.windows.common-controls_6595b64144ccf1df_6.0.19041.1110_none_60b5254171f9507e\COMCTL32.dll
0x00007ffd60660000 - 0x00007ffd6066a000 	C:\Windows\SYSTEM32\VERSION.dll
0x00007ffd690f0000 - 0x00007ffd69120000 	C:\Windows\System32\IMM32.DLL
0x00007ffd5d6a0000 - 0x00007ffd5d6ac000 	C:\Program Files\Java\jdk-17\bin\vcruntime140_1.dll
0x00007ffd55db0000 - 0x00007ffd55e3e000 	C:\Program Files\Java\jdk-17\bin\msvcp140.dll
0x00007ffd1ec40000 - 0x00007ffd1f81d000 	C:\Program Files\Java\jdk-17\bin\server\jvm.dll
0x00007ffd69230000 - 0x00007ffd69238000 	C:\Windows\System32\PSAPI.DLL
0x00007ffd5cec0000 - 0x00007ffd5cec9000 	C:\Windows\SYSTEM32\WSOCK32.dll
0x00007ffd5d810000 - 0x00007ffd5d837000 	C:\Windows\SYSTEM32\WINMM.dll
0x00007ffd69080000 - 0x00007ffd690eb000 	C:\Windows\System32\WS2_32.dll
0x00007ffd64b40000 - 0x00007ffd64b52000 	C:\Windows\SYSTEM32\kernel.appcore.dll
0x00007ffd5c710000 - 0x00007ffd5c71a000 	C:\Program Files\Java\jdk-17\bin\jimage.dll
0x00007ffd64170000 - 0x00007ffd64354000 	C:\Windows\SYSTEM32\DBGHELP.DLL
0x00007ffd53450000 - 0x00007ffd53484000 	C:\Windows\SYSTEM32\dbgcore.DLL
0x00007ffd66c90000 - 0x00007ffd66d12000 	C:\Windows\System32\bcryptPrimitives.dll
0x00007ffd58950000 - 0x00007ffd58975000 	C:\Program Files\Java\jdk-17\bin\java.dll
0x00007ffd4d1b0000 - 0x00007ffd4d287000 	C:\Program Files\Java\jdk-17\bin\jsvml.dll
0x00007ffd680a0000 - 0x00007ffd687e4000 	C:\Windows\System32\SHELL32.dll
0x00007ffd64d40000 - 0x00007ffd654d3000 	C:\Windows\SYSTEM32\windows.storage.dll
0x00007ffd67d40000 - 0x00007ffd68094000 	C:\Windows\System32\combase.dll
0x00007ffd66670000 - 0x00007ffd6669e000 	C:\Windows\SYSTEM32\Wldp.dll
0x00007ffd67820000 - 0x00007ffd678cd000 	C:\Windows\System32\SHCORE.dll
0x00007ffd69120000 - 0x00007ffd69175000 	C:\Windows\System32\shlwapi.dll
0x00007ffd66bd0000 - 0x00007ffd66bef000 	C:\Windows\SYSTEM32\profapi.dll
0x00007ffd5c3e0000 - 0x00007ffd5c3f9000 	C:\Program Files\Java\jdk-17\bin\net.dll
0x00007ffd5ed90000 - 0x00007ffd5ee9a000 	C:\Windows\SYSTEM32\WINHTTP.dll
0x00007ffd66360000 - 0x00007ffd663ca000 	C:\Windows\system32\mswsock.dll
0x00007ffd5c1d0000 - 0x00007ffd5c1e6000 	C:\Program Files\Java\jdk-17\bin\nio.dll
0x00007ffd5bf50000 - 0x00007ffd5bf68000 	C:\Program Files\Java\jdk-17\bin\zip.dll
0x00007ffd32800000 - 0x00007ffd32991000 	C:\Program Files\Java\jdk-17\bin\awt.dll
0x00007ffd69370000 - 0x00007ffd6943d000 	C:\Windows\System32\OLEAUT32.dll
0x00007ffd63fb0000 - 0x00007ffd64041000 	C:\Windows\SYSTEM32\apphelp.dll
0x00007ffd64850000 - 0x00007ffd6487f000 	C:\Windows\system32\DWMAPI.DLL
0x00007ffd30cf0000 - 0x00007ffd30e15000 	C:\Windows\system32\opengl32.dll
0x00007ffd4cea0000 - 0x00007ffd4cecc000 	C:\Windows\SYSTEM32\GLU32.dll

dbghelp: loaded successfully - version: 4.0.5 - missing functions: none
symbol engine: initialized successfully - sym options: 0x614 - pdb path: .;C:\Program Files\Java\jdk-17\bin;C:\Windows\SYSTEM32;C:\Windows\WinSxS\amd64_microsoft.windows.common-controls_6595b64144ccf1df_6.0.19041.1110_none_60b5254171f9507e;C:\Program Files\Java\jdk-17\bin\server

VM Arguments:
jvm_args: -Dfile.encoding=UTF-8 -XX:+ShowCodeDetailsInExceptionMessages 
java_command: view.BillManagementView
java_class_path (initial): D:\Documents\OOAD\Nhóm_1\bin;D:\Documents\OOAD\Nhóm_1\src\lib\mysql-connector-java-8.0.30.jar;D:\Documents\OOAD\Nhóm_1\src\lib\protobuf-java-3.19.4.jar;D:\Documents\OOAD\Nhóm_1\jgoodies-forms-1.8.0.jar
Launcher Type: SUN_STANDARD

[Global flags]
     intx CICompilerCount                          = 4                                         {product} {ergonomic}
     uint ConcGCThreads                            = 2                                         {product} {ergonomic}
     uint G1ConcRefinementThreads                  = 8                                         {product} {ergonomic}
   size_t G1HeapRegionSize                         = 2097152                                   {product} {ergonomic}
    uintx GCDrainStackTargetSize                   = 64                                        {product} {ergonomic}
   size_t InitialHeapSize                          = 167772160                                 {product} {ergonomic}
   size_t MarkStackSize                            = 4194304                                   {product} {ergonomic}
   size_t MaxHeapSize                              = 2671771648                                {product} {ergonomic}
   size_t MaxNewSize                               = 1602224128                                {product} {ergonomic}
   size_t MinHeapDeltaBytes                        = 2097152                                   {product} {ergonomic}
   size_t MinHeapSize                              = 8388608                                   {product} {ergonomic}
    uintx NonNMethodCodeHeapSize                   = 5839372                                {pd product} {ergonomic}
    uintx NonProfiledCodeHeapSize                  = 122909434                              {pd product} {ergonomic}
    uintx ProfiledCodeHeapSize                     = 122909434                              {pd product} {ergonomic}
    uintx ReservedCodeCacheSize                    = 251658240                              {pd product} {ergonomic}
     bool SegmentedCodeCache                       = true                                      {product} {ergonomic}
     bool ShowCodeDetailsInExceptionMessages       = true                                   {manageable} {command line}
   size_t SoftMaxHeapSize                          = 2671771648                             {manageable} {ergonomic}
     bool UseCompressedClassPointers               = true                           {product lp64_product} {ergonomic}
     bool UseCompressedOops                        = true                           {product lp64_product} {ergonomic}
     bool UseG1GC                                  = true                                      {product} {ergonomic}
     bool UseLargePagesIndividualAllocation        = false                                  {pd product} {ergonomic}

Logging:
Log output configuration:
 #0: stdout all=warning uptime,level,tags
 #1: stderr all=off uptime,level,tags

Environment Variables:
PATH=C:\Program Files\Common Files\Oracle\Java\javapath;C:\Windows\system32;C:\Windows;C:\Windows\System32\Wbem;C:\Windows\System32\WindowsPowerShell\v1.0\;C:\Windows\System32\OpenSSH\;C:\Users\ASUS\AppData\Local\Programs\Python\Python311\Scripts;C:\Users\ASUS\AppData\Local\Programs\Python\Python311;C:\Program Files (x86)\nodejs\;C:\Users\ASUS\AppData\Local\Programs\Python\Python311\Scripts\;C:\Users\ASUS\AppData\Local\Programs\Python\Python311\;C:\Users\ASUS\AppData\Local\Microsoft\WindowsApps;;C:\Users\ASUS\AppData\Local\Programs\Microsoft VS Code\bin;C:\Program Files\JetBrains\IntelliJ IDEA Community Edition 2023.1.1\bin;;C:\Users\ASUS\AppData\Roaming\npm
USERNAME=ASUS
OS=Windows_NT
PROCESSOR_IDENTIFIER=AMD64 Family 23 Model 24 Stepping 1, AuthenticAMD



---------------  S Y S T E M  ---------------

OS:
 Windows 10 , 64 bit Build 19041 (10.0.19041.3031)
OS uptime: 3 days 0:24 hours

CPU: total 8 (initial active 8) (8 cores per cpu, 2 threads per core) family 23 model 24 stepping 1 microcode 0x0, cx8, cmov, fxsr, ht, mmx, 3dnowpref, sse, sse2, sse3, ssse3, sse4a, sse4.1, sse4.2, popcnt, lzcnt, tsc, tscinvbit, avx, avx2, aes, clmul, bmi1, bmi2, adx, sha, fma, vzeroupper, clflush, clflushopt

Memory: 4k page, system-wide physical 10187M (2487M free)
TotalPageFile size 39368M (AvailPageFile size 2M)
current process WorkingSet (physical memory assigned to process): 39M, peak: 39M
current process commit charge ("private bytes"): 248M, peak: 248M

vm_info: Java HotSpot(TM) 64-Bit Server VM (17.0.7+8-LTS-224) for windows-amd64 JRE (17.0.7+8-LTS-224), built on Feb 28 2023 23:03:02 by "mach5one" with MS VC++ 17.1 (VS2022)

END.
